[INFO][2019-05-29 20:02|:39][org.springframework.web.context.ContextLoader]Root WebApplicationContext: initialization started
[INFO][2019-05-29 20:02|:39][org.springframework.web.context.support.XmlWebApplicationContext]Refreshing Root WebApplicationContext: startup date [Wed May 29 20:02:39 CST 2019]; root of context hierarchy
[INFO][2019-05-29 20:02|:40][org.springframework.beans.factory.xml.XmlBeanDefinitionReader]Loading XML bean definitions from file [E:\MyselfLearning\Firstproject\FirstProject\shop-api\target\classes\applicationContext-dao.xml]
[INFO][2019-05-29 20:02|:40][org.springframework.beans.factory.xml.XmlBeanDefinitionReader]Loading XML bean definitions from file [E:\MyselfLearning\Firstproject\FirstProject\shop-api\target\classes\applicationContext-kaptcha.xml]
[INFO][2019-05-29 20:02|:40][org.springframework.beans.factory.xml.XmlBeanDefinitionReader]Loading XML bean definitions from file [E:\MyselfLearning\Firstproject\FirstProject\shop-api\target\classes\applicationContext-service.xml]
[INFO][2019-05-29 20:02|:40][org.springframework.beans.factory.xml.XmlBeanDefinitionReader]Loading XML bean definitions from file [E:\MyselfLearning\Firstproject\FirstProject\shop-api\target\classes\applicationContext-tx.xml]
[INFO][2019-05-29 20:02|:40][org.springframework.context.support.PropertySourcesPlaceholderConfigurer]Loading properties file from class path resource [db.properties]
[INFO][2019-05-29 20:02|:40][org.springframework.beans.factory.annotation.AutowiredAnnotationBeanPostProcessor]JSR-330 'javax.inject.Inject' annotation found and supported for autowiring
[INFO][2019-05-29 20:02|:41][com.alibaba.druid.pool.DruidDataSource]{dataSource-1} inited
[INFO][2019-05-29 20:02|:41][org.springframework.web.context.ContextLoader]Root WebApplicationContext: initialization completed in 1798 ms
[INFO][2019-05-29 20:02|:41][org.springframework.web.servlet.DispatcherServlet]FrameworkServlet 'dispatcherServlet': initialization started
[INFO][2019-05-29 20:02|:41][org.springframework.web.context.support.XmlWebApplicationContext]Refreshing WebApplicationContext for namespace 'dispatcherServlet-servlet': startup date [Wed May 29 20:02:41 CST 2019]; parent: Root WebApplicationContext
[INFO][2019-05-29 20:02|:41][org.springframework.beans.factory.xml.XmlBeanDefinitionReader]Loading XML bean definitions from class path resource [spring-mvc.xml]
[INFO][2019-05-29 20:02|:42][org.springframework.beans.factory.annotation.AutowiredAnnotationBeanPostProcessor]JSR-330 'javax.inject.Inject' annotation found and supported for autowiring
[INFO][2019-05-29 20:02|:42][org.springframework.web.servlet.mvc.method.annotation.RequestMappingHandlerMapping]Mapped "{[/test]}" onto public java.lang.Object com.ssm.controller.TestController.test()
[INFO][2019-05-29 20:02|:42][org.springframework.web.servlet.mvc.method.annotation.RequestMappingHandlerAdapter]Looking for @ControllerAdvice: WebApplicationContext for namespace 'dispatcherServlet-servlet': startup date [Wed May 29 20:02:41 CST 2019]; parent: Root WebApplicationContext
[INFO][2019-05-29 20:02|:42][org.springframework.web.servlet.mvc.method.annotation.RequestMappingHandlerAdapter]Looking for @ControllerAdvice: WebApplicationContext for namespace 'dispatcherServlet-servlet': startup date [Wed May 29 20:02:41 CST 2019]; parent: Root WebApplicationContext
[INFO][2019-05-29 20:02|:42][org.springframework.web.servlet.handler.SimpleUrlHandlerMapping]Mapped URL path [/**] onto handler 'org.springframework.web.servlet.resource.DefaultServletHttpRequestHandler#0'
[INFO][2019-05-29 20:02|:42][org.springframework.web.servlet.DispatcherServlet]FrameworkServlet 'dispatcherServlet': initialization completed in 490 ms
[DEBUG][2019-05-29 20:03|:08][com.ssm.mapper.ProductMapper.selectByExample]==>  Preparing: select product_id, product_name, bar_code, brand_id, first_category_id, second_category_id, price, publish_status, audit_status, weight, length, height, width, color_type, production_date, descript, indate, modified_time from sy_product_info 
[DEBUG][2019-05-29 20:03|:08][com.ssm.mapper.ProductMapper.selectByExample]==> Parameters: 
[DEBUG][2019-05-29 20:03|:08][com.ssm.mapper.ProductMapper.selectByExample]<==      Total: 4
[INFO][2019-05-29 20:04|:05][org.springframework.web.context.ContextLoader]Root WebApplicationContext: initialization started
[INFO][2019-05-29 20:04|:05][org.springframework.web.context.support.XmlWebApplicationContext]Refreshing Root WebApplicationContext: startup date [Wed May 29 20:04:05 CST 2019]; root of context hierarchy
[INFO][2019-05-29 20:04|:06][org.springframework.beans.factory.xml.XmlBeanDefinitionReader]Loading XML bean definitions from file [E:\MyselfLearning\Firstproject\FirstProject\shop-api\target\classes\applicationContext-dao.xml]
[INFO][2019-05-29 20:04|:06][org.springframework.beans.factory.xml.XmlBeanDefinitionReader]Loading XML bean definitions from file [E:\MyselfLearning\Firstproject\FirstProject\shop-api\target\classes\applicationContext-kaptcha.xml]
[INFO][2019-05-29 20:04|:06][org.springframework.beans.factory.xml.XmlBeanDefinitionReader]Loading XML bean definitions from file [E:\MyselfLearning\Firstproject\FirstProject\shop-api\target\classes\applicationContext-service.xml]
[INFO][2019-05-29 20:04|:06][org.springframework.beans.factory.xml.XmlBeanDefinitionReader]Loading XML bean definitions from file [E:\MyselfLearning\Firstproject\FirstProject\shop-api\target\classes\applicationContext-tx.xml]
[INFO][2019-05-29 20:04|:06][org.springframework.context.support.PropertySourcesPlaceholderConfigurer]Loading properties file from class path resource [db.properties]
[INFO][2019-05-29 20:04|:06][org.springframework.beans.factory.annotation.AutowiredAnnotationBeanPostProcessor]JSR-330 'javax.inject.Inject' annotation found and supported for autowiring
[INFO][2019-05-29 20:04|:06][com.alibaba.druid.pool.DruidDataSource]{dataSource-1} inited
[INFO][2019-05-29 20:04|:07][org.springframework.web.context.ContextLoader]Root WebApplicationContext: initialization completed in 1699 ms
[INFO][2019-05-29 20:04|:07][org.springframework.web.servlet.DispatcherServlet]FrameworkServlet 'dispatcherServlet': initialization started
[INFO][2019-05-29 20:04|:07][org.springframework.web.context.support.XmlWebApplicationContext]Refreshing WebApplicationContext for namespace 'dispatcherServlet-servlet': startup date [Wed May 29 20:04:07 CST 2019]; parent: Root WebApplicationContext
[INFO][2019-05-29 20:04|:07][org.springframework.beans.factory.xml.XmlBeanDefinitionReader]Loading XML bean definitions from class path resource [spring-mvc.xml]
[INFO][2019-05-29 20:04|:07][org.springframework.beans.factory.annotation.AutowiredAnnotationBeanPostProcessor]JSR-330 'javax.inject.Inject' annotation found and supported for autowiring
[INFO][2019-05-29 20:04|:08][org.springframework.web.servlet.mvc.method.annotation.RequestMappingHandlerMapping]Mapped "{[/test]}" onto public java.lang.Object com.ssm.controller.TestController.test()
[INFO][2019-05-29 20:04|:08][org.springframework.web.servlet.mvc.method.annotation.RequestMappingHandlerMapping]Mapped "{[/api/product]}" onto public java.lang.Object com.ssm.controller.UserControler.showProductPages(java.lang.Integer,java.lang.Integer)
[INFO][2019-05-29 20:04|:08][org.springframework.web.servlet.mvc.method.annotation.RequestMappingHandlerMapping]Mapped "{[/api/ulogin],methods=[POST]}" onto public java.lang.Object com.ssm.controller.UserControler.login(java.lang.String,java.lang.String)
[INFO][2019-05-29 20:04|:08][org.springframework.web.servlet.mvc.method.annotation.RequestMappingHandlerAdapter]Looking for @ControllerAdvice: WebApplicationContext for namespace 'dispatcherServlet-servlet': startup date [Wed May 29 20:04:07 CST 2019]; parent: Root WebApplicationContext
[INFO][2019-05-29 20:04|:08][org.springframework.web.servlet.mvc.method.annotation.RequestMappingHandlerAdapter]Looking for @ControllerAdvice: WebApplicationContext for namespace 'dispatcherServlet-servlet': startup date [Wed May 29 20:04:07 CST 2019]; parent: Root WebApplicationContext
[INFO][2019-05-29 20:04|:08][org.springframework.web.servlet.handler.SimpleUrlHandlerMapping]Mapped URL path [/**] onto handler 'org.springframework.web.servlet.resource.DefaultServletHttpRequestHandler#0'
[INFO][2019-05-29 20:04|:08][org.springframework.web.servlet.DispatcherServlet]FrameworkServlet 'dispatcherServlet': initialization completed in 524 ms
[WARN][2019-05-29 20:04|:35][org.springframework.web.servlet.PageNotFound]Request method 'GET' not supported
[INFO][2019-05-29 20:23|:52][org.springframework.web.context.ContextLoader]Root WebApplicationContext: initialization started
[INFO][2019-05-29 20:23|:53][org.springframework.web.context.support.XmlWebApplicationContext]Refreshing Root WebApplicationContext: startup date [Wed May 29 20:23:53 CST 2019]; root of context hierarchy
[INFO][2019-05-29 20:23|:53][org.springframework.beans.factory.xml.XmlBeanDefinitionReader]Loading XML bean definitions from file [E:\MyselfLearning\Firstproject\FirstProject\shop-api\target\classes\applicationContext-dao.xml]
[INFO][2019-05-29 20:23|:53][org.springframework.beans.factory.xml.XmlBeanDefinitionReader]Loading XML bean definitions from file [E:\MyselfLearning\Firstproject\FirstProject\shop-api\target\classes\applicationContext-kaptcha.xml]
[INFO][2019-05-29 20:23|:53][org.springframework.beans.factory.xml.XmlBeanDefinitionReader]Loading XML bean definitions from file [E:\MyselfLearning\Firstproject\FirstProject\shop-api\target\classes\applicationContext-service.xml]
[INFO][2019-05-29 20:23|:53][org.springframework.beans.factory.xml.XmlBeanDefinitionReader]Loading XML bean definitions from file [E:\MyselfLearning\Firstproject\FirstProject\shop-api\target\classes\applicationContext-tx.xml]
[INFO][2019-05-29 20:23|:53][org.springframework.context.support.PropertySourcesPlaceholderConfigurer]Loading properties file from class path resource [db.properties]
[INFO][2019-05-29 20:23|:53][org.springframework.beans.factory.annotation.AutowiredAnnotationBeanPostProcessor]JSR-330 'javax.inject.Inject' annotation found and supported for autowiring
[INFO][2019-05-29 20:23|:54][com.alibaba.druid.pool.DruidDataSource]{dataSource-1} inited
[INFO][2019-05-29 20:23|:54][org.springframework.web.context.ContextLoader]Root WebApplicationContext: initialization completed in 1866 ms
[INFO][2019-05-29 20:23|:55][org.springframework.web.servlet.DispatcherServlet]FrameworkServlet 'dispatcherServlet': initialization started
[INFO][2019-05-29 20:23|:55][org.springframework.web.context.support.XmlWebApplicationContext]Refreshing WebApplicationContext for namespace 'dispatcherServlet-servlet': startup date [Wed May 29 20:23:55 CST 2019]; parent: Root WebApplicationContext
[INFO][2019-05-29 20:23|:55][org.springframework.beans.factory.xml.XmlBeanDefinitionReader]Loading XML bean definitions from class path resource [spring-mvc.xml]
[INFO][2019-05-29 20:23|:55][org.springframework.beans.factory.annotation.AutowiredAnnotationBeanPostProcessor]JSR-330 'javax.inject.Inject' annotation found and supported for autowiring
[INFO][2019-05-29 20:23|:55][org.springframework.web.servlet.mvc.method.annotation.RequestMappingHandlerMapping]Mapped "{[/test]}" onto public java.lang.Object com.ssm.controller.TestController.test()
[INFO][2019-05-29 20:23|:55][org.springframework.web.servlet.mvc.method.annotation.RequestMappingHandlerMapping]Mapped "{[/api/product]}" onto public java.lang.Object com.ssm.controller.UserControler.showProductPages(java.lang.Integer,java.lang.Integer)
[INFO][2019-05-29 20:23|:55][org.springframework.web.servlet.mvc.method.annotation.RequestMappingHandlerMapping]Mapped "{[/api/ulogin],methods=[POST]}" onto public java.lang.Object com.ssm.controller.UserControler.login(java.lang.String,java.lang.String)
[INFO][2019-05-29 20:23|:55][org.springframework.web.servlet.mvc.method.annotation.RequestMappingHandlerAdapter]Looking for @ControllerAdvice: WebApplicationContext for namespace 'dispatcherServlet-servlet': startup date [Wed May 29 20:23:55 CST 2019]; parent: Root WebApplicationContext
[INFO][2019-05-29 20:23|:55][org.springframework.web.servlet.mvc.method.annotation.RequestMappingHandlerAdapter]Looking for @ControllerAdvice: WebApplicationContext for namespace 'dispatcherServlet-servlet': startup date [Wed May 29 20:23:55 CST 2019]; parent: Root WebApplicationContext
[INFO][2019-05-29 20:23|:55][org.springframework.web.servlet.handler.SimpleUrlHandlerMapping]Mapped URL path [/**] onto handler 'org.springframework.web.servlet.resource.DefaultServletHttpRequestHandler#0'
[INFO][2019-05-29 20:23|:55][org.springframework.web.servlet.DispatcherServlet]FrameworkServlet 'dispatcherServlet': initialization completed in 546 ms
[WARN][2019-05-29 20:24|:54][org.springframework.web.servlet.PageNotFound]Request method 'GET' not supported
[INFO][2019-05-29 20:26|:05][org.springframework.web.context.ContextLoader]Root WebApplicationContext: initialization started
[INFO][2019-05-29 20:26|:05][org.springframework.web.context.support.XmlWebApplicationContext]Refreshing Root WebApplicationContext: startup date [Wed May 29 20:26:05 CST 2019]; root of context hierarchy
[INFO][2019-05-29 20:26|:05][org.springframework.beans.factory.xml.XmlBeanDefinitionReader]Loading XML bean definitions from file [E:\MyselfLearning\Firstproject\FirstProject\shop-api\target\classes\applicationContext-dao.xml]
[INFO][2019-05-29 20:26|:05][org.springframework.beans.factory.xml.XmlBeanDefinitionReader]Loading XML bean definitions from file [E:\MyselfLearning\Firstproject\FirstProject\shop-api\target\classes\applicationContext-kaptcha.xml]
[INFO][2019-05-29 20:26|:05][org.springframework.beans.factory.xml.XmlBeanDefinitionReader]Loading XML bean definitions from file [E:\MyselfLearning\Firstproject\FirstProject\shop-api\target\classes\applicationContext-service.xml]
[INFO][2019-05-29 20:26|:05][org.springframework.beans.factory.xml.XmlBeanDefinitionReader]Loading XML bean definitions from file [E:\MyselfLearning\Firstproject\FirstProject\shop-api\target\classes\applicationContext-tx.xml]
[INFO][2019-05-29 20:26|:06][org.springframework.context.support.PropertySourcesPlaceholderConfigurer]Loading properties file from class path resource [db.properties]
[INFO][2019-05-29 20:26|:06][org.springframework.beans.factory.annotation.AutowiredAnnotationBeanPostProcessor]JSR-330 'javax.inject.Inject' annotation found and supported for autowiring
[INFO][2019-05-29 20:26|:06][com.alibaba.druid.pool.DruidDataSource]{dataSource-1} inited
[INFO][2019-05-29 20:26|:07][org.springframework.web.context.ContextLoader]Root WebApplicationContext: initialization completed in 1850 ms
[INFO][2019-05-29 20:26|:07][org.springframework.web.servlet.DispatcherServlet]FrameworkServlet 'dispatcherServlet': initialization started
[INFO][2019-05-29 20:26|:07][org.springframework.web.context.support.XmlWebApplicationContext]Refreshing WebApplicationContext for namespace 'dispatcherServlet-servlet': startup date [Wed May 29 20:26:07 CST 2019]; parent: Root WebApplicationContext
[INFO][2019-05-29 20:26|:07][org.springframework.beans.factory.xml.XmlBeanDefinitionReader]Loading XML bean definitions from class path resource [spring-mvc.xml]
[INFO][2019-05-29 20:26|:07][org.springframework.beans.factory.annotation.AutowiredAnnotationBeanPostProcessor]JSR-330 'javax.inject.Inject' annotation found and supported for autowiring
[INFO][2019-05-29 20:26|:07][org.springframework.web.servlet.mvc.method.annotation.RequestMappingHandlerMapping]Mapped "{[/test]}" onto public java.lang.Object com.ssm.controller.TestController.test()
[INFO][2019-05-29 20:26|:07][org.springframework.web.servlet.mvc.method.annotation.RequestMappingHandlerMapping]Mapped "{[/api/product]}" onto public java.lang.Object com.ssm.controller.UserControler.showProductPages(java.lang.Integer,java.lang.Integer)
[INFO][2019-05-29 20:26|:07][org.springframework.web.servlet.mvc.method.annotation.RequestMappingHandlerMapping]Mapped "{[/api/ulogin],methods=[GET]}" onto public java.lang.Object com.ssm.controller.UserControler.login(java.lang.String,java.lang.String)
[INFO][2019-05-29 20:26|:08][org.springframework.web.servlet.mvc.method.annotation.RequestMappingHandlerAdapter]Looking for @ControllerAdvice: WebApplicationContext for namespace 'dispatcherServlet-servlet': startup date [Wed May 29 20:26:07 CST 2019]; parent: Root WebApplicationContext
[INFO][2019-05-29 20:26|:08][org.springframework.web.servlet.mvc.method.annotation.RequestMappingHandlerAdapter]Looking for @ControllerAdvice: WebApplicationContext for namespace 'dispatcherServlet-servlet': startup date [Wed May 29 20:26:07 CST 2019]; parent: Root WebApplicationContext
[INFO][2019-05-29 20:26|:08][org.springframework.web.servlet.handler.SimpleUrlHandlerMapping]Mapped URL path [/**] onto handler 'org.springframework.web.servlet.resource.DefaultServletHttpRequestHandler#0'
[INFO][2019-05-29 20:26|:08][org.springframework.web.servlet.DispatcherServlet]FrameworkServlet 'dispatcherServlet': initialization completed in 489 ms
[INFO][2019-05-29 20:26|:22][org.springframework.web.context.ContextLoader]Root WebApplicationContext: initialization started
[INFO][2019-05-29 20:26|:22][org.springframework.web.context.support.XmlWebApplicationContext]Refreshing Root WebApplicationContext: startup date [Wed May 29 20:26:22 CST 2019]; root of context hierarchy
[INFO][2019-05-29 20:26|:22][org.springframework.beans.factory.xml.XmlBeanDefinitionReader]Loading XML bean definitions from file [E:\MyselfLearning\Firstproject\FirstProject\shop-api\target\classes\applicationContext-dao.xml]
[INFO][2019-05-29 20:26|:22][org.springframework.beans.factory.xml.XmlBeanDefinitionReader]Loading XML bean definitions from file [E:\MyselfLearning\Firstproject\FirstProject\shop-api\target\classes\applicationContext-kaptcha.xml]
[INFO][2019-05-29 20:26|:22][org.springframework.beans.factory.xml.XmlBeanDefinitionReader]Loading XML bean definitions from file [E:\MyselfLearning\Firstproject\FirstProject\shop-api\target\classes\applicationContext-service.xml]
[INFO][2019-05-29 20:26|:22][org.springframework.beans.factory.xml.XmlBeanDefinitionReader]Loading XML bean definitions from file [E:\MyselfLearning\Firstproject\FirstProject\shop-api\target\classes\applicationContext-tx.xml]
[INFO][2019-05-29 20:26|:22][org.springframework.context.support.PropertySourcesPlaceholderConfigurer]Loading properties file from class path resource [db.properties]
[INFO][2019-05-29 20:26|:22][org.springframework.beans.factory.annotation.AutowiredAnnotationBeanPostProcessor]JSR-330 'javax.inject.Inject' annotation found and supported for autowiring
[INFO][2019-05-29 20:26|:23][com.alibaba.druid.pool.DruidDataSource]{dataSource-1} inited
[INFO][2019-05-29 20:26|:24][org.springframework.web.context.ContextLoader]Root WebApplicationContext: initialization completed in 1645 ms
[INFO][2019-05-29 20:26|:24][org.springframework.web.servlet.DispatcherServlet]FrameworkServlet 'dispatcherServlet': initialization started
[INFO][2019-05-29 20:26|:24][org.springframework.web.context.support.XmlWebApplicationContext]Refreshing WebApplicationContext for namespace 'dispatcherServlet-servlet': startup date [Wed May 29 20:26:24 CST 2019]; parent: Root WebApplicationContext
[INFO][2019-05-29 20:26|:24][org.springframework.beans.factory.xml.XmlBeanDefinitionReader]Loading XML bean definitions from class path resource [spring-mvc.xml]
[INFO][2019-05-29 20:26|:24][org.springframework.beans.factory.annotation.AutowiredAnnotationBeanPostProcessor]JSR-330 'javax.inject.Inject' annotation found and supported for autowiring
[INFO][2019-05-29 20:26|:24][org.springframework.web.servlet.mvc.method.annotation.RequestMappingHandlerMapping]Mapped "{[/test]}" onto public java.lang.Object com.ssm.controller.TestController.test()
[INFO][2019-05-29 20:26|:24][org.springframework.web.servlet.mvc.method.annotation.RequestMappingHandlerMapping]Mapped "{[/api/ulogin]}" onto public java.lang.Object com.ssm.controller.UserControler.login(java.lang.String,java.lang.String)
[INFO][2019-05-29 20:26|:24][org.springframework.web.servlet.mvc.method.annotation.RequestMappingHandlerMapping]Mapped "{[/api/product]}" onto public java.lang.Object com.ssm.controller.UserControler.showProductPages(java.lang.Integer,java.lang.Integer)
[INFO][2019-05-29 20:26|:24][org.springframework.web.servlet.mvc.method.annotation.RequestMappingHandlerAdapter]Looking for @ControllerAdvice: WebApplicationContext for namespace 'dispatcherServlet-servlet': startup date [Wed May 29 20:26:24 CST 2019]; parent: Root WebApplicationContext
[INFO][2019-05-29 20:26|:24][org.springframework.web.servlet.mvc.method.annotation.RequestMappingHandlerAdapter]Looking for @ControllerAdvice: WebApplicationContext for namespace 'dispatcherServlet-servlet': startup date [Wed May 29 20:26:24 CST 2019]; parent: Root WebApplicationContext
[INFO][2019-05-29 20:26|:24][org.springframework.web.servlet.handler.SimpleUrlHandlerMapping]Mapped URL path [/**] onto handler 'org.springframework.web.servlet.resource.DefaultServletHttpRequestHandler#0'
[INFO][2019-05-29 20:26|:24][org.springframework.web.servlet.DispatcherServlet]FrameworkServlet 'dispatcherServlet': initialization completed in 485 ms
[DEBUG][2019-05-29 20:26|:35][com.ssm.mapper.UserMapper.login]==>  Preparing: select user_id, user_account, user_name, headimageurl, mobile_number, email, status, last_login_time, create_time, create_user_id, modify_time, modify_user_id, sex from sy_user where user_account=? and password=? and status=1 
[DEBUG][2019-05-29 20:26|:35][com.ssm.mapper.UserMapper.login]==> Parameters: jack(String), 3f725290c0f04f9450d4ce1427bc8b56(String)
[DEBUG][2019-05-29 20:26|:35][com.ssm.mapper.UserMapper.login]<==      Total: 1
[INFO][2019-05-29 20:41|:23][org.springframework.web.context.ContextLoader]Root WebApplicationContext: initialization started
[INFO][2019-05-29 20:41|:23][org.springframework.web.context.support.XmlWebApplicationContext]Refreshing Root WebApplicationContext: startup date [Wed May 29 20:41:23 CST 2019]; root of context hierarchy
[INFO][2019-05-29 20:41|:23][org.springframework.beans.factory.xml.XmlBeanDefinitionReader]Loading XML bean definitions from file [E:\MyselfLearning\Firstproject\FirstProject\shop-api\target\classes\applicationContext-dao.xml]
[INFO][2019-05-29 20:41|:23][org.springframework.beans.factory.xml.XmlBeanDefinitionReader]Loading XML bean definitions from file [E:\MyselfLearning\Firstproject\FirstProject\shop-api\target\classes\applicationContext-kaptcha.xml]
[INFO][2019-05-29 20:41|:23][org.springframework.beans.factory.xml.XmlBeanDefinitionReader]Loading XML bean definitions from file [E:\MyselfLearning\Firstproject\FirstProject\shop-api\target\classes\applicationContext-service.xml]
[INFO][2019-05-29 20:41|:23][org.springframework.beans.factory.xml.XmlBeanDefinitionReader]Loading XML bean definitions from file [E:\MyselfLearning\Firstproject\FirstProject\shop-api\target\classes\applicationContext-tx.xml]
[INFO][2019-05-29 20:41|:24][org.springframework.context.support.PropertySourcesPlaceholderConfigurer]Loading properties file from class path resource [db.properties]
[INFO][2019-05-29 20:41|:24][org.springframework.beans.factory.annotation.AutowiredAnnotationBeanPostProcessor]JSR-330 'javax.inject.Inject' annotation found and supported for autowiring
[INFO][2019-05-29 20:41|:24][com.alibaba.druid.pool.DruidDataSource]{dataSource-1} inited
[INFO][2019-05-29 20:41|:25][org.springframework.web.context.ContextLoader]Root WebApplicationContext: initialization completed in 2014 ms
[INFO][2019-05-29 20:41|:25][org.springframework.web.servlet.DispatcherServlet]FrameworkServlet 'dispatcherServlet': initialization started
[INFO][2019-05-29 20:41|:25][org.springframework.web.context.support.XmlWebApplicationContext]Refreshing WebApplicationContext for namespace 'dispatcherServlet-servlet': startup date [Wed May 29 20:41:25 CST 2019]; parent: Root WebApplicationContext
[INFO][2019-05-29 20:41|:25][org.springframework.beans.factory.xml.XmlBeanDefinitionReader]Loading XML bean definitions from class path resource [spring-mvc.xml]
[INFO][2019-05-29 20:41|:25][org.springframework.beans.factory.annotation.AutowiredAnnotationBeanPostProcessor]JSR-330 'javax.inject.Inject' annotation found and supported for autowiring
[INFO][2019-05-29 20:41|:25][org.springframework.web.servlet.mvc.method.annotation.RequestMappingHandlerMapping]Mapped "{[/test]}" onto public java.lang.Object com.ssm.controller.TestController.test()
[INFO][2019-05-29 20:41|:25][org.springframework.web.servlet.mvc.method.annotation.RequestMappingHandlerMapping]Mapped "{[/api/ulogin],methods=[POST]}" onto public java.lang.Object com.ssm.controller.UserControler.login(java.lang.String,java.lang.String)
[INFO][2019-05-29 20:41|:25][org.springframework.web.servlet.mvc.method.annotation.RequestMappingHandlerMapping]Mapped "{[/api/product]}" onto public java.lang.Object com.ssm.controller.UserControler.showProductPages(java.lang.Integer,java.lang.Integer)
[INFO][2019-05-29 20:41|:25][org.springframework.web.servlet.mvc.method.annotation.RequestMappingHandlerAdapter]Looking for @ControllerAdvice: WebApplicationContext for namespace 'dispatcherServlet-servlet': startup date [Wed May 29 20:41:25 CST 2019]; parent: Root WebApplicationContext
[INFO][2019-05-29 20:41|:25][org.springframework.web.servlet.mvc.method.annotation.RequestMappingHandlerAdapter]Looking for @ControllerAdvice: WebApplicationContext for namespace 'dispatcherServlet-servlet': startup date [Wed May 29 20:41:25 CST 2019]; parent: Root WebApplicationContext
[INFO][2019-05-29 20:41|:25][org.springframework.web.servlet.handler.SimpleUrlHandlerMapping]Mapped URL path [/**] onto handler 'org.springframework.web.servlet.resource.DefaultServletHttpRequestHandler#0'
[INFO][2019-05-29 20:41|:25][org.springframework.web.servlet.DispatcherServlet]FrameworkServlet 'dispatcherServlet': initialization completed in 502 ms
[INFO][2019-05-29 20:44|:39][org.springframework.web.context.ContextLoader]Root WebApplicationContext: initialization started
[INFO][2019-05-29 20:44|:39][org.springframework.web.context.support.XmlWebApplicationContext]Refreshing Root WebApplicationContext: startup date [Wed May 29 20:44:39 CST 2019]; root of context hierarchy
[INFO][2019-05-29 20:44|:40][org.springframework.beans.factory.xml.XmlBeanDefinitionReader]Loading XML bean definitions from file [E:\MyselfLearning\Firstproject\FirstProject\shop-api\target\classes\applicationContext-dao.xml]
[INFO][2019-05-29 20:44|:40][org.springframework.beans.factory.xml.XmlBeanDefinitionReader]Loading XML bean definitions from file [E:\MyselfLearning\Firstproject\FirstProject\shop-api\target\classes\applicationContext-kaptcha.xml]
[INFO][2019-05-29 20:44|:40][org.springframework.beans.factory.xml.XmlBeanDefinitionReader]Loading XML bean definitions from file [E:\MyselfLearning\Firstproject\FirstProject\shop-api\target\classes\applicationContext-service.xml]
[INFO][2019-05-29 20:44|:40][org.springframework.beans.factory.xml.XmlBeanDefinitionReader]Loading XML bean definitions from file [E:\MyselfLearning\Firstproject\FirstProject\shop-api\target\classes\applicationContext-tx.xml]
[INFO][2019-05-29 20:44|:40][org.springframework.context.support.PropertySourcesPlaceholderConfigurer]Loading properties file from class path resource [db.properties]
[INFO][2019-05-29 20:44|:40][org.springframework.beans.factory.annotation.AutowiredAnnotationBeanPostProcessor]JSR-330 'javax.inject.Inject' annotation found and supported for autowiring
[INFO][2019-05-29 20:44|:41][com.alibaba.druid.pool.DruidDataSource]{dataSource-1} inited
[INFO][2019-05-29 20:44|:41][org.springframework.web.context.ContextLoader]Root WebApplicationContext: initialization completed in 1752 ms
[INFO][2019-05-29 20:44|:41][org.springframework.web.servlet.DispatcherServlet]FrameworkServlet 'dispatcherServlet': initialization started
[INFO][2019-05-29 20:44|:41][org.springframework.web.context.support.XmlWebApplicationContext]Refreshing WebApplicationContext for namespace 'dispatcherServlet-servlet': startup date [Wed May 29 20:44:41 CST 2019]; parent: Root WebApplicationContext
[INFO][2019-05-29 20:44|:41][org.springframework.beans.factory.xml.XmlBeanDefinitionReader]Loading XML bean definitions from class path resource [spring-mvc.xml]
[INFO][2019-05-29 20:44|:41][org.springframework.beans.factory.annotation.AutowiredAnnotationBeanPostProcessor]JSR-330 'javax.inject.Inject' annotation found and supported for autowiring
[INFO][2019-05-29 20:44|:42][org.springframework.web.servlet.mvc.method.annotation.RequestMappingHandlerMapping]Mapped "{[/test]}" onto public java.lang.Object com.ssm.controller.TestController.test()
[INFO][2019-05-29 20:44|:42][org.springframework.web.servlet.mvc.method.annotation.RequestMappingHandlerMapping]Mapped "{[/api/ulogin]}" onto public java.lang.Object com.ssm.controller.UserControler.login(java.lang.String,java.lang.String)
[INFO][2019-05-29 20:44|:42][org.springframework.web.servlet.mvc.method.annotation.RequestMappingHandlerMapping]Mapped "{[/api/product]}" onto public java.lang.Object com.ssm.controller.UserControler.showProductPages(java.lang.Integer,java.lang.Integer)
[INFO][2019-05-29 20:44|:42][org.springframework.web.servlet.mvc.method.annotation.RequestMappingHandlerAdapter]Looking for @ControllerAdvice: WebApplicationContext for namespace 'dispatcherServlet-servlet': startup date [Wed May 29 20:44:41 CST 2019]; parent: Root WebApplicationContext
[INFO][2019-05-29 20:44|:42][org.springframework.web.servlet.mvc.method.annotation.RequestMappingHandlerAdapter]Looking for @ControllerAdvice: WebApplicationContext for namespace 'dispatcherServlet-servlet': startup date [Wed May 29 20:44:41 CST 2019]; parent: Root WebApplicationContext
[INFO][2019-05-29 20:44|:42][org.springframework.web.servlet.handler.SimpleUrlHandlerMapping]Mapped URL path [/**] onto handler 'org.springframework.web.servlet.resource.DefaultServletHttpRequestHandler#0'
[INFO][2019-05-29 20:44|:42][org.springframework.web.servlet.DispatcherServlet]FrameworkServlet 'dispatcherServlet': initialization completed in 449 ms
[DEBUG][2019-05-29 20:47|:31][com.ssm.mapper.UserMapper.login]==>  Preparing: select user_id, user_account, user_name, headimageurl, mobile_number, email, status, last_login_time, create_time, create_user_id, modify_time, modify_user_id, sex from sy_user where user_account=? and password=? and status=1 
[DEBUG][2019-05-29 20:47|:32][com.ssm.mapper.UserMapper.login]==> Parameters: jack(String), 3f725290c0f04f9450d4ce1427bc8b56(String)
[DEBUG][2019-05-29 20:47|:32][com.ssm.mapper.UserMapper.login]<==      Total: 1
[DEBUG][2019-05-29 20:49|:03][com.ssm.mapper.UserMapper.login]==>  Preparing: select user_id, user_account, user_name, headimageurl, mobile_number, email, status, last_login_time, create_time, create_user_id, modify_time, modify_user_id, sex from sy_user where user_account=? and password=? and status=1 
[DEBUG][2019-05-29 20:49|:03][com.ssm.mapper.UserMapper.login]==> Parameters: jack(String), 3f725290c0f04f9450d4ce1427bc8b56(String)
[DEBUG][2019-05-29 20:49|:03][com.ssm.mapper.UserMapper.login]<==      Total: 1
[INFO][2019-05-29 20:50|:54][org.springframework.web.context.ContextLoader]Root WebApplicationContext: initialization started
[INFO][2019-05-29 20:50|:54][org.springframework.web.context.support.XmlWebApplicationContext]Refreshing Root WebApplicationContext: startup date [Wed May 29 20:50:54 CST 2019]; root of context hierarchy
[INFO][2019-05-29 20:50|:54][org.springframework.beans.factory.xml.XmlBeanDefinitionReader]Loading XML bean definitions from file [E:\MyselfLearning\Firstproject\FirstProject\shop-api\target\classes\applicationContext-dao.xml]
[INFO][2019-05-29 20:50|:54][org.springframework.beans.factory.xml.XmlBeanDefinitionReader]Loading XML bean definitions from file [E:\MyselfLearning\Firstproject\FirstProject\shop-api\target\classes\applicationContext-kaptcha.xml]
[INFO][2019-05-29 20:50|:55][org.springframework.beans.factory.xml.XmlBeanDefinitionReader]Loading XML bean definitions from file [E:\MyselfLearning\Firstproject\FirstProject\shop-api\target\classes\applicationContext-service.xml]
[INFO][2019-05-29 20:50|:55][org.springframework.beans.factory.xml.XmlBeanDefinitionReader]Loading XML bean definitions from file [E:\MyselfLearning\Firstproject\FirstProject\shop-api\target\classes\applicationContext-tx.xml]
[INFO][2019-05-29 20:50|:55][org.springframework.context.support.PropertySourcesPlaceholderConfigurer]Loading properties file from class path resource [db.properties]
[INFO][2019-05-29 20:50|:55][org.springframework.beans.factory.annotation.AutowiredAnnotationBeanPostProcessor]JSR-330 'javax.inject.Inject' annotation found and supported for autowiring
[INFO][2019-05-29 20:50|:56][com.alibaba.druid.pool.DruidDataSource]{dataSource-1} inited
[INFO][2019-05-29 20:50|:57][org.springframework.web.context.ContextLoader]Root WebApplicationContext: initialization completed in 3193 ms
[INFO][2019-05-29 20:50|:57][org.springframework.web.servlet.DispatcherServlet]FrameworkServlet 'dispatcherServlet': initialization started
[INFO][2019-05-29 20:50|:57][org.springframework.web.context.support.XmlWebApplicationContext]Refreshing WebApplicationContext for namespace 'dispatcherServlet-servlet': startup date [Wed May 29 20:50:57 CST 2019]; parent: Root WebApplicationContext
[INFO][2019-05-29 20:50|:57][org.springframework.beans.factory.xml.XmlBeanDefinitionReader]Loading XML bean definitions from class path resource [spring-mvc.xml]
[INFO][2019-05-29 20:50|:58][org.springframework.beans.factory.annotation.AutowiredAnnotationBeanPostProcessor]JSR-330 'javax.inject.Inject' annotation found and supported for autowiring
[INFO][2019-05-29 20:50|:58][org.springframework.web.servlet.mvc.method.annotation.RequestMappingHandlerMapping]Mapped "{[/test]}" onto public java.lang.Object com.ssm.controller.TestController.test()
[INFO][2019-05-29 20:50|:58][org.springframework.web.servlet.mvc.method.annotation.RequestMappingHandlerMapping]Mapped "{[/api/ulogin]}" onto public java.lang.Object com.ssm.controller.UserControler.login(java.lang.String,java.lang.String)
[INFO][2019-05-29 20:50|:58][org.springframework.web.servlet.mvc.method.annotation.RequestMappingHandlerMapping]Mapped "{[/api/product]}" onto public java.lang.Object com.ssm.controller.UserControler.showProductPages(java.lang.Integer,java.lang.Integer)
[INFO][2019-05-29 20:50|:58][org.springframework.web.servlet.mvc.method.annotation.RequestMappingHandlerAdapter]Looking for @ControllerAdvice: WebApplicationContext for namespace 'dispatcherServlet-servlet': startup date [Wed May 29 20:50:57 CST 2019]; parent: Root WebApplicationContext
[INFO][2019-05-29 20:50|:58][org.springframework.web.servlet.mvc.method.annotation.RequestMappingHandlerAdapter]Looking for @ControllerAdvice: WebApplicationContext for namespace 'dispatcherServlet-servlet': startup date [Wed May 29 20:50:57 CST 2019]; parent: Root WebApplicationContext
[INFO][2019-05-29 20:50|:58][org.springframework.web.servlet.handler.SimpleUrlHandlerMapping]Mapped URL path [/**] onto handler 'org.springframework.web.servlet.resource.DefaultServletHttpRequestHandler#0'
[INFO][2019-05-29 20:50|:58][org.springframework.web.servlet.DispatcherServlet]FrameworkServlet 'dispatcherServlet': initialization completed in 762 ms
[INFO][2019-05-29 20:51|:26][org.springframework.web.context.ContextLoader]Root WebApplicationContext: initialization started
[INFO][2019-05-29 20:51|:26][org.springframework.web.context.support.XmlWebApplicationContext]Refreshing Root WebApplicationContext: startup date [Wed May 29 20:51:26 CST 2019]; root of context hierarchy
[INFO][2019-05-29 20:51|:26][org.springframework.beans.factory.xml.XmlBeanDefinitionReader]Loading XML bean definitions from file [E:\MyselfLearning\Firstproject\FirstProject\shop-api\target\classes\applicationContext-dao.xml]
[INFO][2019-05-29 20:51|:26][org.springframework.beans.factory.xml.XmlBeanDefinitionReader]Loading XML bean definitions from file [E:\MyselfLearning\Firstproject\FirstProject\shop-api\target\classes\applicationContext-kaptcha.xml]
[INFO][2019-05-29 20:51|:26][org.springframework.beans.factory.xml.XmlBeanDefinitionReader]Loading XML bean definitions from file [E:\MyselfLearning\Firstproject\FirstProject\shop-api\target\classes\applicationContext-service.xml]
[INFO][2019-05-29 20:51|:26][org.springframework.beans.factory.xml.XmlBeanDefinitionReader]Loading XML bean definitions from file [E:\MyselfLearning\Firstproject\FirstProject\shop-api\target\classes\applicationContext-tx.xml]
[INFO][2019-05-29 20:51|:27][org.springframework.context.support.PropertySourcesPlaceholderConfigurer]Loading properties file from class path resource [db.properties]
[INFO][2019-05-29 20:51|:27][org.springframework.beans.factory.annotation.AutowiredAnnotationBeanPostProcessor]JSR-330 'javax.inject.Inject' annotation found and supported for autowiring
[INFO][2019-05-29 20:51|:28][com.alibaba.druid.pool.DruidDataSource]{dataSource-1} inited
[INFO][2019-05-29 20:51|:28][org.springframework.web.context.ContextLoader]Root WebApplicationContext: initialization completed in 2611 ms
[INFO][2019-05-29 20:51|:29][org.springframework.web.servlet.DispatcherServlet]FrameworkServlet 'dispatcherServlet': initialization started
[INFO][2019-05-29 20:51|:29][org.springframework.web.context.support.XmlWebApplicationContext]Refreshing WebApplicationContext for namespace 'dispatcherServlet-servlet': startup date [Wed May 29 20:51:29 CST 2019]; parent: Root WebApplicationContext
[INFO][2019-05-29 20:51|:29][org.springframework.beans.factory.xml.XmlBeanDefinitionReader]Loading XML bean definitions from class path resource [spring-mvc.xml]
[INFO][2019-05-29 20:51|:29][org.springframework.beans.factory.annotation.AutowiredAnnotationBeanPostProcessor]JSR-330 'javax.inject.Inject' annotation found and supported for autowiring
[INFO][2019-05-29 20:51|:29][org.springframework.web.servlet.mvc.method.annotation.RequestMappingHandlerMapping]Mapped "{[/test]}" onto public java.lang.Object com.ssm.controller.TestController.test()
[INFO][2019-05-29 20:51|:29][org.springframework.web.servlet.mvc.method.annotation.RequestMappingHandlerMapping]Mapped "{[/api/product]}" onto public java.lang.Object com.ssm.controller.UserControler.showProductPages(java.lang.Integer,java.lang.Integer)
[INFO][2019-05-29 20:51|:29][org.springframework.web.servlet.mvc.method.annotation.RequestMappingHandlerMapping]Mapped "{[/api/ulogin],methods=[POST]}" onto public java.lang.Object com.ssm.controller.UserControler.login(java.lang.String,java.lang.String)
[INFO][2019-05-29 20:51|:29][org.springframework.web.servlet.mvc.method.annotation.RequestMappingHandlerAdapter]Looking for @ControllerAdvice: WebApplicationContext for namespace 'dispatcherServlet-servlet': startup date [Wed May 29 20:51:29 CST 2019]; parent: Root WebApplicationContext
[INFO][2019-05-29 20:51|:29][org.springframework.web.servlet.mvc.method.annotation.RequestMappingHandlerAdapter]Looking for @ControllerAdvice: WebApplicationContext for namespace 'dispatcherServlet-servlet': startup date [Wed May 29 20:51:29 CST 2019]; parent: Root WebApplicationContext
[INFO][2019-05-29 20:51|:29][org.springframework.web.servlet.handler.SimpleUrlHandlerMapping]Mapped URL path [/**] onto handler 'org.springframework.web.servlet.resource.DefaultServletHttpRequestHandler#0'
[INFO][2019-05-29 20:51|:29][org.springframework.web.servlet.DispatcherServlet]FrameworkServlet 'dispatcherServlet': initialization completed in 740 ms
[DEBUG][2019-05-29 20:52|:11][com.ssm.mapper.UserMapper.login]==>  Preparing: select user_id, user_account, user_name, headimageurl, mobile_number, email, status, last_login_time, create_time, create_user_id, modify_time, modify_user_id, sex from sy_user where user_account=? and password=? and status=1 
[DEBUG][2019-05-29 20:52|:11][com.ssm.mapper.UserMapper.login]==> Parameters: jack(String), 3f725290c0f04f9450d4ce1427bc8b56(String)
[DEBUG][2019-05-29 20:52|:11][com.ssm.mapper.UserMapper.login]<==      Total: 1
[DEBUG][2019-05-29 20:52|:44][com.ssm.mapper.UserMapper.login]==>  Preparing: select user_id, user_account, user_name, headimageurl, mobile_number, email, status, last_login_time, create_time, create_user_id, modify_time, modify_user_id, sex from sy_user where user_account=? and password=? and status=1 
[DEBUG][2019-05-29 20:52|:44][com.ssm.mapper.UserMapper.login]==> Parameters: jack(String), 3f725290c0f04f9450d4ce1427bc8b56(String)
[DEBUG][2019-05-29 20:52|:44][com.ssm.mapper.UserMapper.login]<==      Total: 1
[DEBUG][2019-05-29 20:58|:24][com.ssm.mapper.ProductMapper.selectProduct]==>  Preparing: select product_id, product_name, bar_code, brand_id, first_category_id, second_category_id, price, publish_status, audit_status, weight, length, height, width, color_type, production_date, descript, indate, modified_time from sy_product_info limit ?,? 
[DEBUG][2019-05-29 20:58|:24][com.ssm.mapper.ProductMapper.selectProduct]==> Parameters: 0(Integer), 5(Integer)
[DEBUG][2019-05-29 20:58|:24][com.ssm.mapper.ProductMapper.selectProduct]<==      Total: 4
[DEBUG][2019-05-29 20:58|:39][com.ssm.mapper.ProductMapper.selectProduct]==>  Preparing: select product_id, product_name, bar_code, brand_id, first_category_id, second_category_id, price, publish_status, audit_status, weight, length, height, width, color_type, production_date, descript, indate, modified_time from sy_product_info limit ?,? 
[DEBUG][2019-05-29 20:58|:39][com.ssm.mapper.ProductMapper.selectProduct]==> Parameters: 0(Integer), 5(Integer)
[DEBUG][2019-05-29 20:58|:39][com.ssm.mapper.ProductMapper.selectProduct]<==      Total: 4
[DEBUG][2019-05-29 20:58|:56][com.ssm.mapper.ProductMapper.selectProduct]==>  Preparing: select product_id, product_name, bar_code, brand_id, first_category_id, second_category_id, price, publish_status, audit_status, weight, length, height, width, color_type, production_date, descript, indate, modified_time from sy_product_info limit ?,? 
[DEBUG][2019-05-29 20:58|:56][com.ssm.mapper.ProductMapper.selectProduct]==> Parameters: 0(Integer), 5(Integer)
[DEBUG][2019-05-29 20:58|:56][com.ssm.mapper.ProductMapper.selectProduct]<==      Total: 4
